<?xml version="1.0" encoding="utf-8"?><testsuites name="pytest tests"><testsuite name="pytest" errors="0" failures="0" skipped="0" tests="1" time="7.539" timestamp="2025-07-15T13:02:02.106258-07:00" hostname="DadsLaptop"><testcase classname="tests.unit.test_query_counselor.TestQueryCounselor" name="test_analyze_intent_basic" time="0.071" /></testsuite></testsuites>
