<?xml version="1.0" encoding="utf-8"?><testsuites name="pytest tests"><testsuite name="pytest" errors="0" failures="0" skipped="0" tests="17" time="12.740" timestamp="2025-07-15T21:56:57.070569-07:00" hostname="DadsLaptop"><testcase classname="tests.integration.test_comprehensive_error_handling.TestComprehensiveErrorHandling" name="test_mcp_connection_error_handling" time="0.030" /><testcase classname="tests.integration.test_comprehensive_error_handling.TestComprehensiveErrorHandling" name="test_mcp_service_unavailable_error_handling" time="8.237" /><testcase classname="tests.integration.test_comprehensive_error_handling.TestComprehensiveErrorHandling" name="test_mcp_rate_limit_error_handling" time="0.044" /><testcase classname="tests.integration.test_comprehensive_error_handling.TestComprehensiveErrorHandling" name="test_mcp_authentication_error_handling" time="0.008" /><testcase classname="tests.integration.test_comprehensive_error_handling.TestComprehensiveErrorHandling" name="test_mcp_validation_error_handling" time="0.007" /><testcase classname="tests.integration.test_comprehensive_error_handling.TestComprehensiveErrorHandling" name="test_vector_store_error_handling" time="0.147" /><testcase classname="tests.integration.test_comprehensive_error_handling.TestComprehensiveErrorHandling" name="test_qdrant_connection_error_handling" time="0.120" /><testcase classname="tests.integration.test_comprehensive_error_handling.TestComprehensiveErrorHandling" name="test_query_counselor_error_handling" time="0.005" /><testcase classname="tests.integration.test_comprehensive_error_handling.TestComprehensiveErrorHandling" name="test_circuit_breaker_functionality" time="0.109" /><testcase classname="tests.integration.test_comprehensive_error_handling.TestComprehensiveErrorHandling" name="test_retry_policy_functionality" time="1.025" /><testcase classname="tests.integration.test_comprehensive_error_handling.TestComprehensiveErrorHandling" name="test_error_context_and_categorization" time="0.001" /><testcase classname="tests.integration.test_comprehensive_error_handling.TestComprehensiveErrorHandling" name="test_parallel_executor_error_handling" time="0.005" /><testcase classname="tests.integration.test_comprehensive_error_handling.TestComprehensiveErrorHandling" name="test_configuration_error_handling" time="0.005" /><testcase classname="tests.integration.test_comprehensive_error_handling.TestComprehensiveErrorHandling" name="test_error_recovery_strategies" time="0.001" /><testcase classname="tests.integration.test_comprehensive_error_handling.TestComprehensiveErrorHandling" name="test_end_to_end_error_resilience" time="0.118" /><testcase classname="tests.integration.test_comprehensive_error_handling.TestComprehensiveErrorHandling" name="test_error_logging_and_monitoring" time="0.001" /><testcase classname="tests.integration.test_comprehensive_error_handling.TestComprehensiveErrorHandling" name="test_graceful_degradation_scenarios" time="0.011" /></testsuite></testsuites>
