<?xml version="1.0" encoding="utf-8"?><testsuites name="pytest tests"><testsuite name="pytest" errors="0" failures="0" skipped="0" tests="35" time="9.194" timestamp="2025-07-17T13:18:49.594756-07:00" hostname="Promptcraft"><testcase classname="tests.unit.test_circuit_breaker.TestCircuitBreakerConfig" name="test_valid_config_creation" time="0.003" /><testcase classname="tests.unit.test_circuit_breaker.TestCircuitBreakerConfig" name="test_default_config_values" time="0.001" /><testcase classname="tests.unit.test_circuit_breaker.TestCircuitBreakerConfig" name="test_invalid_failure_threshold" time="0.003" /><testcase classname="tests.unit.test_circuit_breaker.TestCircuitBreakerConfig" name="test_invalid_success_threshold" time="0.002" /><testcase classname="tests.unit.test_circuit_breaker.TestCircuitBreakerConfig" name="test_invalid_recovery_timeout" time="0.002" /><testcase classname="tests.unit.test_circuit_breaker.TestCircuitBreakerConfig" name="test_invalid_max_retries" time="0.003" /><testcase classname="tests.unit.test_circuit_breaker.TestCircuitBreakerConfig" name="test_invalid_base_delay" time="0.002" /><testcase classname="tests.unit.test_circuit_breaker.TestCircuitBreakerConfig" name="test_invalid_backoff_multiplier" time="0.003" /><testcase classname="tests.unit.test_circuit_breaker.TestCircuitBreakerMetrics" name="test_success_rate_calculation" time="0.001" /><testcase classname="tests.unit.test_circuit_breaker.TestCircuitBreakerMetrics" name="test_failure_rate_calculation" time="0.001" /><testcase classname="tests.unit.test_circuit_breaker.TestCircuitBreakerStates" name="test_initial_state" time="0.001" /><testcase classname="tests.unit.test_circuit_breaker.TestCircuitBreakerStates" name="test_successful_call_sync" time="0.001" /><testcase classname="tests.unit.test_circuit_breaker.TestCircuitBreakerStates" name="test_successful_call_async" time="0.005" /><testcase classname="tests.unit.test_circuit_breaker.TestCircuitBreakerStates" name="test_failing_calls_transition_to_open" time="0.002" /><testcase classname="tests.unit.test_circuit_breaker.TestCircuitBreakerStates" name="test_open_circuit_rejects_requests" time="0.002" /><testcase classname="tests.unit.test_circuit_breaker.TestCircuitBreakerStates" name="test_half_open_recovery" time="2.007" /><testcase classname="tests.unit.test_circuit_breaker.TestCircuitBreakerStates" name="test_decorator_functionality" time="0.004" /><testcase classname="tests.unit.test_circuit_breaker.TestCircuitBreakerStates" name="test_async_decorator_functionality" time="0.291" /><testcase classname="tests.unit.test_circuit_breaker.TestCircuitBreakerStates" name="test_thread_safety" time="0.007" /><testcase classname="tests.unit.test_circuit_breaker.TestCircuitBreakerStates" name="test_reset_functionality" time="0.002" /><testcase classname="tests.unit.test_circuit_breaker.TestCircuitBreakerStates" name="test_force_state_changes" time="0.002" /><testcase classname="tests.unit.test_circuit_breaker.TestCircuitBreakerStates" name="test_health_status_reporting" time="0.002" /><testcase classname="tests.unit.test_circuit_breaker.TestCircuitBreakerRetries" name="test_retry_with_eventual_success" time="0.036" /><testcase classname="tests.unit.test_circuit_breaker.TestCircuitBreakerRetries" name="test_retry_exhaustion" time="0.076" /><testcase classname="tests.unit.test_circuit_breaker.TestCircuitBreakerHealthChecks" name="test_health_check_function" time="0.003" /><testcase classname="tests.unit.test_circuit_breaker.TestCircuitBreakerHealthChecks" name="test_health_check_failure" time="0.003" /><testcase classname="tests.unit.test_circuit_breaker.TestCircuitBreakerHealthChecks" name="test_health_monitoring_lifecycle" time="0.255" /><testcase classname="tests.unit.test_circuit_breaker.TestCircuitBreakerFactory" name="test_create_config_from_settings" time="0.001" /><testcase classname="tests.unit.test_circuit_breaker.TestCircuitBreakerFactory" name="test_circuit_breaker_registry" time="0.006" /><testcase classname="tests.unit.test_circuit_breaker.TestCircuitBreakerFactory" name="test_get_circuit_breaker_with_settings" time="0.001" /><testcase classname="tests.unit.test_circuit_breaker.TestCircuitBreakerFactory" name="test_global_health_monitoring" time="0.002" /><testcase classname="tests.unit.test_circuit_breaker.TestCircuitBreakerFactory" name="test_reset_all_circuit_breakers" time="0.001" /><testcase classname="tests.unit.test_circuit_breaker.TestCircuitBreakerErrors" name="test_circuit_breaker_error_creation" time="0.001" /><testcase classname="tests.unit.test_circuit_breaker.TestCircuitBreakerErrors" name="test_circuit_breaker_open_error_creation" time="0.001" /><testcase classname="tests.unit.test_circuit_breaker.TestCircuitBreakerIntegration" name="test_realistic_service_outage_scenario" time="1.796" /></testsuite></testsuites>