<?xml version="1.0" encoding="utf-8"?><testsuites name="pytest tests"><testsuite name="pytest" errors="0" failures="6" skipped="0" tests="15" time="10.505" timestamp="2025-07-17T18:18:07.314692-07:00" hostname="Promptcraft"><testcase classname="tests.integration.test_real_qdrant_integration.TestRealQdrantIntegration" name="test_qdrant_connection_lifecycle" time="0.080" /><testcase classname="tests.integration.test_real_qdrant_integration.TestRealQdrantIntegration" name="test_qdrant_connection_failure_handling" time="0.009"><failure message="Failed: DID NOT RAISE &lt;class 'Exception'&gt;">E   Failed: DID NOT RAISE &lt;class 'Exception'&gt;</failure></testcase><testcase classname="tests.integration.test_real_qdrant_integration.TestRealQdrantIntegration" name="test_qdrant_health_check_integration" time="0.010"><failure message="AssertionError: assert &lt;ConnectionSt...: 'unhealthy'&gt; == &lt;ConnectionSt...D: 'degraded'&gt;&#10;  &#10;  - degraded&#10;  + unhealthy">E   AssertionError: assert &lt;ConnectionSt...: 'unhealthy'&gt; == &lt;ConnectionSt...D: 'degraded'&gt;
      
      - degraded
      + unhealthy</failure></testcase><testcase classname="tests.integration.test_real_qdrant_integration.TestRealQdrantIntegration" name="test_qdrant_document_operations_integration" time="0.008"><failure message="AttributeError: 'AwaitableCallableMock' object has no attribute 'assert_called_with'. Did you mean: 'assert_called_once'?">E   AttributeError: 'AwaitableCallableMock' object has no attribute 'assert_called_with'. Did you mean: 'assert_called_once'?</failure></testcase><testcase classname="tests.integration.test_real_qdrant_integration.TestRealQdrantIntegration" name="test_qdrant_search_integration" time="0.007" /><testcase classname="tests.integration.test_real_qdrant_integration.TestRealQdrantIntegration" name="test_qdrant_collection_management_integration" time="0.008" /><testcase classname="tests.integration.test_real_qdrant_integration.TestRealQdrantIntegration" name="test_qdrant_error_handling_integration" time="0.010" /><testcase classname="tests.integration.test_real_qdrant_integration.TestRealQdrantIntegration" name="test_vector_store_factory_qdrant_integration" time="0.003" /><testcase classname="tests.integration.test_real_qdrant_integration.TestRealQdrantIntegration" name="test_vector_store_context_manager_integration" time="0.007" /><testcase classname="tests.integration.test_real_qdrant_integration.TestRealQdrantIntegration" name="test_hyde_processor_qdrant_integration" time="0.601"><failure message="AssertionError: assert 'How to optimize vector database performance for large-scale semantic search?' != 'How to optimize vector database performance for large-scale semantic search?'&#10; +  where 'How to optimize vector database performance for large-scale semantic search?' = EnhancedQuery(original_query='How to optimize vector database performance for large-scale semantic search?', enhanced_query='How to optimize vector database performance for large-scale semantic search?', embeddings=[], hypothetical_docs=[], specificity_analysis=QueryAnalysis(original_query='How to optimize vector database performance for large-scale semantic search?', specificity_score=70.0, specificity_level=&lt;SpecificityLevel.MEDIUM: 'medium'&gt;, enhanced_query='How to optimize vector database performance for large-scale semantic search?', processing_strategy='mock_analysis', confidence=0.7, reasoning='Score based on technical terms, query length (10 words), and specificity indicators', guiding_questions=[], processing_time=3.2901763916015625e-05), processing_strategy='standard_hyde').enhanced_query">E   AssertionError: assert 'How to optimize vector database performance for large-scale semantic search?' != 'How to optimize vector database performance for large-scale semantic search?'
     +  where 'How to optimize vector database performance for large-scale semantic search?' = EnhancedQuery(original_query='How to optimize vector database performance for large-scale semantic search?', enhanced_query='How to optimize vector database performance for large-scale semantic search?', embeddings=[], hypothetical_docs=[], specificity_analysis=QueryAnalysis(original_query='How to optimize vector database performance for large-scale semantic search?', specificity_score=70.0, specificity_level=&lt;SpecificityLevel.MEDIUM: 'medium'&gt;, enhanced_query='How to optimize vector database performance for large-scale semantic search?', processing_strategy='mock_analysis', confidence=0.7, reasoning='Score based on technical terms, query length (10 words), and specificity indicators', guiding_questions=[], processing_time=3.2901763916015625e-05), processing_strategy='standard_hyde').enhanced_query</failure></testcase><testcase classname="tests.integration.test_real_qdrant_integration.TestRealQdrantIntegration" name="test_qdrant_performance_requirements" time="0.012"><failure message="TypeError: 'coroutine' object is not iterable">E   TypeError: 'coroutine' object is not iterable</failure></testcase><testcase classname="tests.integration.test_real_qdrant_integration.TestRealQdrantIntegration" name="test_qdrant_concurrent_operations_integration" time="0.009"><failure message="TypeError: 'coroutine' object is not iterable">E   TypeError: 'coroutine' object is not iterable</failure></testcase><testcase classname="tests.integration.test_real_qdrant_integration.TestRealQdrantIntegration" name="test_qdrant_data_consistency_integration" time="0.010" /><testcase classname="tests.integration.test_real_qdrant_integration.TestRealQdrantIntegration" name="test_qdrant_configuration_validation_integration" time="0.005" /><testcase classname="tests.integration.test_real_qdrant_integration.TestRealQdrantIntegration" name="test_qdrant_metrics_and_monitoring_integration" time="0.008" /></testsuite></testsuites>