<?xml version="1.0" encoding="utf-8"?><testsuites name="pytest tests"><testsuite name="pytest" errors="0" failures="0" skipped="0" tests="5" time="30.951" timestamp="2025-07-17T21:17:15.406054-07:00" hostname="Promptcraft"><testcase classname="tests.performance.test_production_readiness.TestProductionReadiness" name="test_single_query_performance_requirement" time="0.195" /><testcase classname="tests.performance.test_production_readiness.TestProductionReadiness" name="test_concurrent_load_performance" time="0.576" /><testcase classname="tests.performance.test_production_readiness.TestProductionReadiness" name="test_production_readiness_checklist" time="0.127" /><testcase classname="tests.performance.test_production_readiness.TestProductionReadiness" name="test_memory_and_resource_usage" time="0.783" /><testcase classname="tests.performance.test_production_readiness.TestProductionReadiness" name="test_stress_and_recovery" time="20.192" /></testsuite></testsuites>