<?xml version="1.0" encoding="utf-8"?><testsuites name="pytest tests"><testsuite name="pytest" errors="0" failures="0" skipped="0" tests="51" time="0.111" timestamp="2025-07-14T16:15:02.401000-07:00" hostname="DadsLaptop"><testcase classname="tests.unit.test_text_processor_comprehensive.TestTextProcessorAgent" name="test_initialization_default_config" time="0.015" /><testcase classname="tests.unit.test_text_processor_comprehensive.TestTextProcessorAgent" name="test_initialization_custom_config" time="0.000" /><testcase classname="tests.unit.test_text_processor_comprehensive.TestTextProcessorAgent" name="test_configuration_validation_invalid_max_words" time="0.001" /><testcase classname="tests.unit.test_text_processor_comprehensive.TestTextProcessorAgent" name="test_configuration_validation_invalid_min_words" time="0.001" /><testcase classname="tests.unit.test_text_processor_comprehensive.TestTextProcessorAgent" name="test_configuration_validation_invalid_operations_type" time="0.000" /><testcase classname="tests.unit.test_text_processor_comprehensive.TestTextProcessorAgent" name="test_configuration_validation_invalid_operation" time="0.000" /><testcase classname="tests.unit.test_text_processor_comprehensive.TestTextProcessorAgent" name="test_analyze_operation_basic" time="0.001" /><testcase classname="tests.unit.test_text_processor_comprehensive.TestTextProcessorAgent" name="test_analyze_operation_with_sentiment" time="0.001" /><testcase classname="tests.unit.test_text_processor_comprehensive.TestTextProcessorAgent" name="test_clean_operation" time="0.001" /><testcase classname="tests.unit.test_text_processor_comprehensive.TestTextProcessorAgent" name="test_transform_operation_uppercase" time="0.001" /><testcase classname="tests.unit.test_text_processor_comprehensive.TestTextProcessorAgent" name="test_transform_operation_lowercase" time="0.001" /><testcase classname="tests.unit.test_text_processor_comprehensive.TestTextProcessorAgent" name="test_transform_operation_title" time="0.001" /><testcase classname="tests.unit.test_text_processor_comprehensive.TestTextProcessorAgent" name="test_transform_operation_sentence" time="0.000" /><testcase classname="tests.unit.test_text_processor_comprehensive.TestTextProcessorAgent" name="test_transform_operation_default_type" time="0.001" /><testcase classname="tests.unit.test_text_processor_comprehensive.TestTextProcessorAgent" name="test_transform_operation_invalid_type" time="0.001" /><testcase classname="tests.unit.test_text_processor_comprehensive.TestTextProcessorAgent" name="test_sentiment_operation_positive" time="0.000" /><testcase classname="tests.unit.test_text_processor_comprehensive.TestTextProcessorAgent" name="test_sentiment_operation_negative" time="0.001" /><testcase classname="tests.unit.test_text_processor_comprehensive.TestTextProcessorAgent" name="test_sentiment_operation_neutral" time="0.001" /><testcase classname="tests.unit.test_text_processor_comprehensive.TestTextProcessorAgent" name="test_default_operation" time="0.000" /><testcase classname="tests.unit.test_text_processor_comprehensive.TestTextProcessorAgent" name="test_operation_not_allowed" time="0.001" /><testcase classname="tests.unit.test_text_processor_comprehensive.TestTextProcessorAgent" name="test_unknown_operation" time="0.001" /><testcase classname="tests.unit.test_text_processor_comprehensive.TestTextProcessorAgent" name="test_input_validation_too_short" time="0.001" /><testcase classname="tests.unit.test_text_processor_comprehensive.TestTextProcessorAgent" name="test_input_validation_too_long" time="0.001" /><testcase classname="tests.unit.test_text_processor_comprehensive.TestTextProcessorAgent" name="test_statistics_tracking" time="0.001" /><testcase classname="tests.unit.test_text_processor_comprehensive.TestTextProcessorAgent" name="test_get_capabilities" time="0.000" /><testcase classname="tests.unit.test_text_processor_comprehensive.TestTextProcessorAgent" name="test_get_status_initial" time="0.000" /><testcase classname="tests.unit.test_text_processor_comprehensive.TestTextProcessorAgent" name="test_get_status_after_processing" time="0.001" /><testcase classname="tests.unit.test_text_processor_comprehensive.TestTextProcessorAgent" name="test_most_common_words_functionality" time="0.000" /><testcase classname="tests.unit.test_text_processor_comprehensive.TestTextProcessorAgent" name="test_readability_calculation" time="0.000" /><testcase classname="tests.unit.test_text_processor_comprehensive.TestTextProcessorAgent" name="test_readability_calculation_empty_input" time="0.000" /><testcase classname="tests.unit.test_text_processor_comprehensive.TestTextProcessorAgent" name="test_format_analysis_comprehensive" time="0.000" /><testcase classname="tests.unit.test_text_processor_comprehensive.TestTextProcessorAgent" name="test_format_analysis_minimal" time="0.000" /><testcase classname="tests.unit.test_text_processor_comprehensive.TestTextProcessorAgent" name="test_no_context_provided" time="0.001" /><testcase classname="tests.unit.test_text_processor_comprehensive.TestTextProcessorAgent" name="test_exception_handling_in_execute" time="0.001" /><testcase classname="tests.unit.test_text_processor_comprehensive.TestTextProcessorAgent" name="test_registry_registration" time="0.000" /><testcase classname="tests.unit.test_text_processor_comprehensive.TestTextProcessorAgent" name="test_edge_case_empty_words_sentiment" time="0.001" /><testcase classname="tests.unit.test_text_processor_comprehensive.TestTextProcessorAgent" name="test_edge_case_single_word_analysis" time="0.001" /><testcase classname="tests.unit.test_create_agent.TestCreateAgent" name="test_create_agent_initialization" time="0.000" /><testcase classname="tests.unit.test_create_agent.TestCreateAgent" name="test_get_agent_id" time="0.000" /><testcase classname="tests.unit.test_create_agent.TestCreateAgent" name="test_get_knowledge_path" time="0.000" /><testcase classname="tests.unit.test_create_agent.TestCreateAgent" name="test_get_qdrant_collection" time="0.000" /><testcase classname="tests.unit.test_create_agent.TestCreateAgent" name="test_generate_prompt_basic_context" time="0.000" /><testcase classname="tests.unit.test_create_agent.TestCreateAgent" name="test_generate_prompt_with_preferences" time="0.000" /><testcase classname="tests.unit.test_create_agent.TestCreateAgent" name="test_generate_prompt_empty_context" time="0.000" /><testcase classname="tests.unit.test_create_agent.TestCreateAgent" name="test_generate_prompt_none_preferences" time="0.000" /><testcase classname="tests.unit.test_create_agent.TestCreateAgent" name="test_generate_prompt_empty_preferences" time="0.000" /><testcase classname="tests.unit.test_create_agent.TestCreateAgent" name="test_generate_prompt_complex_data" time="0.000" /><testcase classname="tests.unit.test_create_agent.TestCreateAgent" name="test_agent_id_consistency" time="0.000" /><testcase classname="tests.unit.test_create_agent.TestCreateAgent" name="test_multiple_instances_independence" time="0.000" /><testcase classname="tests.unit.test_create_agent.TestCreateAgent" name="test_string_methods_return_types" time="0.000" /><testcase classname="tests.unit.test_create_agent.TestCreateAgent" name="test_generate_prompt_special_characters" time="0.000" /></testsuite></testsuites>
