<?xml version="1.0" encoding="utf-8"?><testsuites name="pytest tests"><testsuite name="pytest" errors="0" failures="0" skipped="0" tests="2" time="1.113" timestamp="2025-07-14T16:59:15.443687-07:00" hostname="DadsLaptop"><testcase classname="tests.unit.test_text_processor_comprehensive.TestTextProcessorAgent" name="test_initialization_default_config" time="0.021" /><testcase classname="tests.unit.test_text_processor_comprehensive.TestTextProcessorAgent" name="test_initialization_custom_config" time="0.001" /></testsuite></testsuites>
