<?xml version="1.0" encoding="utf-8"?><testsuites name="pytest tests"><testsuite name="pytest" errors="0" failures="0" skipped="0" tests="35" time="3.912" timestamp="2025-07-18T16:33:33.322665-07:00" hostname="DadsLaptop"><testcase classname="tests.auth.test_auth_negative_paths.TestAuthenticationNegativePaths" name="test_malformed_jwt_token" time="0.026" /><testcase classname="tests.auth.test_auth_negative_paths.TestAuthenticationNegativePaths" name="test_jwt_signature_tampering" time="0.005" /><testcase classname="tests.auth.test_auth_negative_paths.TestAuthenticationNegativePaths" name="test_expired_jwt_token" time="0.002" /><testcase classname="tests.auth.test_auth_negative_paths.TestAuthenticationNegativePaths" name="test_jwt_missing_required_claims" time="0.004" /><testcase classname="tests.auth.test_auth_negative_paths.TestAuthenticationNegativePaths" name="test_unauthorized_email_attempts" time="0.004" /><testcase classname="tests.auth.test_auth_negative_paths.TestAuthenticationNegativePaths" name="test_jwks_endpoint_failures" time="0.036" /><testcase classname="tests.auth.test_auth_negative_paths.TestAuthenticationNegativePaths" name="test_jwks_malformed_responses" time="0.039" /><testcase classname="tests.auth.test_auth_negative_paths.TestAuthenticationNegativePaths" name="test_middleware_missing_headers" time="0.003" /><testcase classname="tests.auth.test_auth_negative_paths.TestAuthenticationNegativePaths" name="test_rate_limiting_bypass_attempts" time="0.008" /><testcase classname="tests.auth.test_auth_negative_paths.TestAuthenticationNegativePaths" name="test_jwt_header_injection_attempts" time="0.002" /><testcase classname="tests.auth.test_auth_negative_paths.TestAuthenticationNegativePaths" name="test_concurrent_authentication_attempts" time="0.011" /><testcase classname="tests.auth.test_jwks_caching.TestJWKSClient" name="test_get_jwks_success" time="0.035" /><testcase classname="tests.auth.test_jwks_caching.TestJWKSClient" name="test_get_jwks_caching" time="0.036" /><testcase classname="tests.auth.test_jwks_caching.TestJWKSClient" name="test_get_jwks_http_error" time="0.036" /><testcase classname="tests.auth.test_jwks_caching.TestJWKSClient" name="test_get_jwks_timeout_error" time="0.035" /><testcase classname="tests.auth.test_jwks_caching.TestJWKSClient" name="test_get_jwks_invalid_format_no_keys" time="0.036" /><testcase classname="tests.auth.test_jwks_caching.TestJWKSClient" name="test_get_jwks_invalid_format_empty_keys" time="0.038" /><testcase classname="tests.auth.test_jwks_caching.TestJWKSClient" name="test_get_key_by_kid_found" time="0.036" /><testcase classname="tests.auth.test_jwks_caching.TestJWKSClient" name="test_get_key_by_kid_not_found" time="0.035" /><testcase classname="tests.auth.test_jwks_caching.TestJWKSClient" name="test_refresh_cache" time="0.037" /><testcase classname="tests.auth.test_jwks_caching.TestJWKSClient" name="test_get_cache_info" time="0.038" /><testcase classname="tests.auth.test_jwks_caching.TestJWKSClient" name="test_context_manager" time="0.037" /><testcase classname="tests.auth.test_jwks_caching.TestJWKSClient" name="test_cache_ttl_expiration" time="0.037" /><testcase classname="tests.auth.test_jwt_validation.TestJWTValidator" name="test_validate_token_success" time="0.002" /><testcase classname="tests.auth.test_jwt_validation.TestJWTValidator" name="test_validate_token_missing_kid" time="0.001" /><testcase classname="tests.auth.test_jwt_validation.TestJWTValidator" name="test_validate_token_key_not_found" time="0.001" /><testcase classname="tests.auth.test_jwt_validation.TestJWTValidator" name="test_validate_token_expired" time="0.002" /><testcase classname="tests.auth.test_jwt_validation.TestJWTValidator" name="test_validate_token_missing_email" time="0.002" /><testcase classname="tests.auth.test_jwt_validation.TestJWTValidator" name="test_validate_token_email_whitelist_allowed" time="0.002" /><testcase classname="tests.auth.test_jwt_validation.TestJWTValidator" name="test_validate_token_email_whitelist_denied" time="0.002" /><testcase classname="tests.auth.test_jwt_validation.TestJWTValidator" name="test_determine_admin_role_by_email" time="0.002" /><testcase classname="tests.auth.test_jwt_validation.TestJWTValidator" name="test_is_email_allowed_exact_match" time="0.001" /><testcase classname="tests.auth.test_jwt_validation.TestJWTValidator" name="test_is_email_allowed_domain_match" time="0.001" /><testcase classname="tests.auth.test_jwt_validation.TestJWTValidator" name="test_validate_token_format_valid" time="0.001" /><testcase classname="tests.auth.test_jwt_validation.TestJWTValidator" name="test_validate_token_format_invalid" time="0.001" /></testsuite></testsuites>
