<?xml version="1.0" encoding="utf-8"?><testsuites name="pytest tests"><testsuite name="pytest" errors="0" failures="0" skipped="0" tests="82" time="12.978" timestamp="2025-07-15T17:51:23.467468-07:00" hostname="DadsLaptop"><testcase classname="tests.unit.test_performance_optimizer.TestLRUCache" name="test_lru_cache_initialization" time="0.119" /><testcase classname="tests.unit.test_performance_optimizer.TestLRUCache" name="test_lru_cache_basic_operations" time="0.003" /><testcase classname="tests.unit.test_performance_optimizer.TestLRUCache" name="test_lru_cache_capacity_limit" time="0.004" /><testcase classname="tests.unit.test_performance_optimizer.TestLRUCache" name="test_lru_cache_access_order" time="0.003" /><testcase classname="tests.unit.test_performance_optimizer.TestLRUCache" name="test_lru_cache_ttl_expiration" time="0.204" /><testcase classname="tests.unit.test_performance_optimizer.TestLRUCache" name="test_lru_cache_update_existing_key" time="0.003" /><testcase classname="tests.unit.test_performance_optimizer.TestLRUCache" name="test_lru_cache_clear" time="0.004" /><testcase classname="tests.unit.test_performance_optimizer.TestLRUCache" name="test_lru_cache_statistics" time="0.006" /><testcase classname="tests.unit.test_performance_optimizer.TestLRUCache" name="test_lru_cache_contains" time="0.004" /><testcase classname="tests.unit.test_performance_optimizer.TestLRUCache" name="test_lru_cache_with_none_values" time="0.003" /><testcase classname="tests.unit.test_performance_optimizer.TestLRUCache" name="test_lru_cache_edge_cases" time="0.006" /><testcase classname="tests.unit.test_performance_optimizer.TestPerformanceMonitor" name="test_performance_monitor_initialization" time="0.002" /><testcase classname="tests.unit.test_performance_optimizer.TestPerformanceMonitor" name="test_performance_monitor_start_operation" time="0.003" /><testcase classname="tests.unit.test_performance_optimizer.TestPerformanceMonitor" name="test_performance_monitor_complete_operation" time="0.015" /><testcase classname="tests.unit.test_performance_optimizer.TestPerformanceMonitor" name="test_performance_monitor_error_operation" time="0.016" /><testcase classname="tests.unit.test_performance_optimizer.TestPerformanceMonitor" name="test_performance_monitor_multiple_operations" time="0.037" /><testcase classname="tests.unit.test_performance_optimizer.TestPerformanceMonitor" name="test_performance_monitor_statistics" time="0.061" /><testcase classname="tests.unit.test_performance_optimizer.TestPerformanceMonitor" name="test_performance_monitor_get_recent_operations" time="0.020" /><testcase classname="tests.unit.test_performance_optimizer.TestPerformanceMonitor" name="test_performance_monitor_clear_metrics" time="0.001" /><testcase classname="tests.unit.test_performance_optimizer.TestPerformanceMonitor" name="test_performance_monitor_slow_operation_detection" time="0.076" /><testcase classname="tests.unit.test_performance_optimizer.TestPerformanceMonitor" name="test_performance_monitor_concurrent_operations" time="0.016" /><testcase classname="tests.unit.test_performance_optimizer.TestPerformanceOptimizer" name="test_performance_optimizer_initialization" time="0.003" /><testcase classname="tests.unit.test_performance_optimizer.TestPerformanceOptimizer" name="test_performance_optimizer_cache_access" time="0.002" /><testcase classname="tests.unit.test_performance_optimizer.TestPerformanceOptimizer" name="test_performance_optimizer_monitoring" time="0.015" /><testcase classname="tests.unit.test_performance_optimizer.TestPerformanceOptimizer" name="test_performance_optimizer_statistics" time="0.015" /><testcase classname="tests.unit.test_performance_optimizer.TestPerformanceOptimizer" name="test_performance_optimizer_clear_all_caches" time="0.004" /><testcase classname="tests.unit.test_performance_optimizer.TestPerformanceOptimizer" name="test_performance_optimizer_warm_up" time="0.008" /><testcase classname="tests.unit.test_performance_optimizer.TestAsyncBatcher" name="test_async_batcher_initialization" time="0.004" /><testcase classname="tests.unit.test_performance_optimizer.TestAsyncBatcher" name="test_async_batcher_add_items" time="0.020" /><testcase classname="tests.unit.test_performance_optimizer.TestAsyncBatcher" name="test_async_batcher_flush_interval" time="0.167" /><testcase classname="tests.unit.test_performance_optimizer.TestAsyncBatcher" name="test_async_batcher_manual_flush" time="0.005" /><testcase classname="tests.unit.test_performance_optimizer.TestAsyncBatcher" name="test_async_batcher_shutdown" time="0.005" /><testcase classname="tests.unit.test_performance_optimizer.TestConnectionPool" name="test_connection_pool_initialization" time="0.003" /><testcase classname="tests.unit.test_performance_optimizer.TestConnectionPool" name="test_connection_pool_acquire_release" time="0.006" /><testcase classname="tests.unit.test_performance_optimizer.TestConnectionPool" name="test_connection_pool_reuse" time="0.003" /><testcase classname="tests.unit.test_performance_optimizer.TestConnectionPool" name="test_connection_pool_max_size" time="0.109" /><testcase classname="tests.unit.test_performance_optimizer.TestConnectionPool" name="test_connection_pool_context_manager" time="0.002" /><testcase classname="tests.unit.test_performance_optimizer.TestConnectionPool" name="test_connection_pool_close_all" time="0.003" /><testcase classname="tests.unit.test_performance_optimizer.TestPerformanceDecorators" name="test_cache_query_analysis_decorator" time="0.006" /><testcase classname="tests.unit.test_performance_optimizer.TestPerformanceDecorators" name="test_cache_hyde_processing_decorator" time="0.004" /><testcase classname="tests.unit.test_performance_optimizer.TestPerformanceDecorators" name="test_cache_vector_search_decorator" time="0.006" /><testcase classname="tests.unit.test_performance_optimizer.TestPerformanceDecorators" name="test_monitor_performance_decorator" time="0.014" /><testcase classname="tests.unit.test_performance_optimizer.TestPerformanceDecorators" name="test_decorator_error_handling" time="0.002" /><testcase classname="tests.unit.test_performance_optimizer.TestGlobalFunctions" name="test_get_performance_stats" time="0.002" /><testcase classname="tests.unit.test_performance_optimizer.TestGlobalFunctions" name="test_clear_all_caches" time="0.004" /><testcase classname="tests.unit.test_performance_optimizer.TestGlobalFunctions" name="test_warm_up_system" time="0.007" /><testcase classname="tests.unit.test_performance_optimizer.TestGlobalFunctions" name="test_performance_metric_model" time="0.003" /><testcase classname="tests.unit.test_performance_optimizer.TestPerformanceIntegration" name="test_end_to_end_performance_optimization" time="0.018" /><testcase classname="tests.unit.test_performance_optimizer.TestPerformanceIntegration" name="test_concurrent_performance_optimization" time="0.130" /><testcase classname="tests.unit.test_performance_optimizer.TestPerformanceIntegration" name="test_performance_configuration_validation" time="0.001" /><testcase classname="tests.unit.test_performance_optimizer.TestPerformanceMemoryManagement" name="test_cache_memory_limit" time="0.001" /><testcase classname="tests.unit.test_performance_optimizer.TestPerformanceMemoryManagement" name="test_monitor_memory_efficiency" time="0.003" /><testcase classname="tests.unit.test_performance_optimizer.TestPerformanceMemoryManagement" name="test_cache_cleanup_on_ttl" time="0.103" /><testcase classname="tests.unit.test_query_counselor.TestQueryCounselor" name="test_query_counselor_initialization" time="0.037" /><testcase classname="tests.unit.test_query_counselor.TestQueryCounselor" name="test_query_counselor_initialization_with_custom_threshold" time="0.049" /><testcase classname="tests.unit.test_query_counselor.TestQueryCounselor" name="test_analyze_intent_basic" time="0.042" /><testcase classname="tests.unit.test_query_counselor.TestQueryCounselor" name="test_analyze_intent_different_query_types" time="0.063" /><testcase classname="tests.unit.test_query_counselor.TestQueryCounselor" name="test_analyze_intent_empty_query" time="0.059" /><testcase classname="tests.unit.test_query_counselor.TestQueryCounselor" name="test_analyze_intent_very_short_query" time="0.051" /><testcase classname="tests.unit.test_query_counselor.TestQueryCounselor" name="test_analyze_intent_long_query" time="0.049" /><testcase classname="tests.unit.test_query_counselor.TestQueryCounselor" name="test_select_agents_basic" time="0.048" /><testcase classname="tests.unit.test_query_counselor.TestQueryCounselor" name="test_select_agents_security_query" time="0.019" /><testcase classname="tests.unit.test_query_counselor.TestQueryCounselor" name="test_select_agents_performance_query" time="0.034" /><testcase classname="tests.unit.test_query_counselor.TestQueryCounselor" name="test_select_agents_mcp_client_failure" time="0.054" /><testcase classname="tests.unit.test_query_counselor.TestQueryCounselor" name="test_orchestrate_workflow_basic" time="0.014" /><testcase classname="tests.unit.test_query_counselor.TestQueryCounselor" name="test_orchestrate_workflow_with_multiple_agents" time="0.060" /><testcase classname="tests.unit.test_query_counselor.TestQueryCounselor" name="test_orchestrate_workflow_agent_failure" time="0.040" /><testcase classname="tests.unit.test_query_counselor.TestQueryCounselor" name="test_synthesize_response_basic" time="0.027" /><testcase classname="tests.unit.test_query_counselor.TestQueryCounselor" name="test_synthesize_response_empty_workflow" time="0.030" /><testcase classname="tests.unit.test_query_counselor.TestQueryCounselor" name="test_process_query_basic" time="0.035" /><testcase classname="tests.unit.test_query_counselor.TestQueryCounselor" name="test_process_query_with_different_types" time="0.023" /><testcase classname="tests.unit.test_query_counselor.TestQueryCounselor" name="test_process_query_with_hyde_basic" time="0.019" /><testcase classname="tests.unit.test_query_counselor.TestQueryCounselor" name="test_process_query_with_hyde_different_specificity_levels" time="0.014" /><testcase classname="tests.unit.test_query_counselor.TestQueryCounselor" name="test_process_query_mcp_failure" time="0.016" /><testcase classname="tests.unit.test_query_counselor.TestQueryCounselor" name="test_process_query_with_hyde_processor_failure" time="0.015" /><testcase classname="tests.unit.test_query_counselor.TestQueryCounselor" name="test_analyze_intent_performance_decorator" time="0.013" /><testcase classname="tests.unit.test_query_counselor.TestQueryCounselor" name="test_concurrent_query_processing" time="0.015" /><testcase classname="tests.unit.test_query_counselor.TestQueryCounselor" name="test_process_query_none_input" time="0.013" /><testcase classname="tests.unit.test_query_counselor.TestQueryCounselor" name="test_process_query_whitespace_input" time="0.016" /><testcase classname="tests.unit.test_query_counselor.TestQueryCounselor" name="test_process_query_very_long_input" time="0.013" /><testcase classname="tests.unit.test_query_counselor.TestQueryCounselor" name="test_query_counselor_with_none_dependencies" time="0.001" /><testcase classname="tests.unit.test_query_counselor.TestQueryCounselor" name="test_query_counselor_with_invalid_threshold" time="0.016" /></testsuite></testsuites>
