<?xml version="1.0" encoding="utf-8"?><testsuites name="pytest tests"><testsuite name="pytest" errors="0" failures="1" skipped="0" tests="4" time="0.290" timestamp="2025-07-16T05:48:42.302789-07:00" hostname="DadsLaptop"><testcase classname="tests.unit.test_openrouter_client.TestOpenRouterClient" name="test_init_with_default_settings" time="0.025" /><testcase classname="tests.unit.test_openrouter_client.TestOpenRouterClient" name="test_init_with_custom_parameters" time="0.002" /><testcase classname="tests.unit.test_openrouter_client.TestOpenRouterClient" name="test_init_without_api_key" time="0.003" /><testcase classname="tests.unit.test_openrouter_client.TestOpenRouterClient" name="test_get_headers_with_api_key" time="0.002"><failure message="AttributeError: Mock object has no attribute 'circuit_breaker_failure_threshold'">tests/unit/test_openrouter_client.py:128: in test_get_headers_with_api_key
    client = OpenRouterClient()
             ^^^^^^^^^^^^^^^^^^
src/mcp_integration/openrouter_client.py:157: in __init__
    self.circuit_breaker = get_circuit_breaker("openrouter", settings)
                           ^^^^^^^^^^^^^^^^^^^^^^^^^^^^^^^^^^^^^^^^^^^
src/utils/circuit_breaker.py:744: in get_circuit_breaker
    circuit_breaker = create_openrouter_circuit_breaker(settings)
                      ^^^^^^^^^^^^^^^^^^^^^^^^^^^^^^^^^^^^^^^^^^^
src/utils/circuit_breaker.py:688: in create_openrouter_circuit_breaker
    config = create_circuit_breaker_config_from_settings(settings)
             ^^^^^^^^^^^^^^^^^^^^^^^^^^^^^^^^^^^^^^^^^^^^^^^^^^^^^
src/utils/circuit_breaker.py:664: in create_circuit_breaker_config_from_settings
    failure_threshold=settings.circuit_breaker_failure_threshold,
                      ^^^^^^^^^^^^^^^^^^^^^^^^^^^^^^^^^^^^^^^^^^
/usr/lib/python3.11/unittest/mock.py:653: in __getattr__
    raise AttributeError("Mock object has no attribute %r" % name)
E   AttributeError: Mock object has no attribute 'circuit_breaker_failure_threshold'</failure></testcase></testsuite></testsuites>
