<?xml version="1.0" encoding="utf-8"?><testsuites name="pytest tests"><testsuite name="pytest" errors="0" failures="1" skipped="6" tests="40" time="13.596" timestamp="2025-07-16T20:47:23.325785-07:00" hostname="DadsLaptop"><testcase classname="tests.contract.test_mcp_contracts.TestZenMCPContracts" name="test_query_processing_contract" time="0.001"><skipped type="pytest.skip" message="pact-mock-service binary not available">/home/byron/dev/PromptCraft/tests/contract/test_mcp_contracts.py:98: pact-mock-service binary not available</skipped></testcase><testcase classname="tests.contract.test_mcp_contracts.TestZenMCPContracts" name="test_agent_health_check_contract" time="0.000"><skipped type="pytest.skip" message="pact-mock-service binary not available">/home/byron/dev/PromptCraft/tests/contract/test_mcp_contracts.py:132: pact-mock-service binary not available</skipped></testcase><testcase classname="tests.contract.test_mcp_contracts.TestZenMCPContracts" name="test_knowledge_retrieval_contract" time="0.000"><skipped type="pytest.skip" message="pact-mock-service binary not available">/home/byron/dev/PromptCraft/tests/contract/test_mcp_contracts.py:155: pact-mock-service binary not available</skipped></testcase><testcase classname="tests.contract.test_mcp_contracts.TestZenMCPContracts" name="test_error_handling_contract" time="0.000"><skipped type="pytest.skip" message="pact-mock-service binary not available">/home/byron/dev/PromptCraft/tests/contract/test_mcp_contracts.py:192: pact-mock-service binary not available</skipped></testcase><testcase classname="tests.contract.test_mcp_contracts.TestHeimdalMCPContracts" name="test_security_analysis_contract" time="0.000"><skipped type="pytest.skip" message="pact-mock-service binary not available">/home/byron/dev/PromptCraft/tests/contract/test_mcp_contracts.py:272: pact-mock-service binary not available</skipped></testcase><testcase classname="tests.contract.test_mcp_contracts.TestHeimdalMCPContracts" name="test_code_quality_contract" time="0.000"><skipped type="pytest.skip" message="pact-mock-service binary not available">/home/byron/dev/PromptCraft/tests/contract/test_mcp_contracts.py:314: pact-mock-service binary not available</skipped></testcase><testcase classname="tests.contract.test_mcp_contracts.TestMockMCPContracts" name="test_mock_contract_validation" time="0.066" /><testcase classname="tests.contract.test_mcp_contracts.TestMockMCPContracts" name="test_mock_error_contract_validation" time="0.000" /><testcase classname="tests.integration.test_agent_lifecycle.TestAgentLifecycleIntegration" name="test_complete_agent_registration_and_retrieval" time="0.001" /><testcase classname="tests.integration.test_agent_lifecycle.TestAgentLifecycleIntegration" name="test_complete_agent_execution_flow" time="0.024" /><testcase classname="tests.integration.test_agent_lifecycle.TestAgentLifecycleIntegration" name="test_agent_caching_and_reuse" time="0.036" /><testcase classname="tests.integration.test_agent_lifecycle.TestAgentLifecycleIntegration" name="test_agent_capability_discovery_and_matching" time="0.002" /><testcase classname="tests.integration.test_agent_lifecycle.TestAgentLifecycleIntegration" name="test_agent_configuration_validation_flow" time="0.002" /><testcase classname="tests.integration.test_agent_lifecycle.TestAgentLifecycleIntegration" name="test_agent_error_handling_integration" time="0.111" /><testcase classname="tests.integration.test_agent_lifecycle.TestAgentLifecycleIntegration" name="test_agent_timeout_handling_integration" time="0.112" /><testcase classname="tests.integration.test_agent_lifecycle.TestAgentLifecycleIntegration" name="test_concurrent_agent_execution" time="0.058" /><testcase classname="tests.integration.test_agent_lifecycle.TestAgentLifecycleIntegration" name="test_agent_registry_status_and_cleanup" time="0.001" /><testcase classname="tests.integration.test_agent_lifecycle.TestAgentLifecycleIntegration" name="test_agent_performance_integration" time="0.013" /><testcase classname="tests.integration.test_agent_lifecycle.TestAgentLifecycleIntegration" name="test_agent_security_integration" time="0.556" /><testcase classname="tests.integration.test_agent_lifecycle.TestAgentLifecycleIntegration" name="test_global_registry_integration" time="0.001" /><testcase classname="tests.integration.test_agent_lifecycle.TestAgentLifecycleIntegration" name="test_agent_lifecycle_with_config_overrides" time="0.024" /><testcase classname="tests.integration.test_agent_lifecycle.TestAgentLifecycleIntegration" name="test_agent_batch_processing_integration" time="0.119" /><testcase classname="tests.integration.test_comprehensive_error_handling.TestComprehensiveErrorHandling" name="test_mcp_connection_error_handling" time="0.007" /><testcase classname="tests.integration.test_comprehensive_error_handling.TestComprehensiveErrorHandling" name="test_mcp_service_unavailable_error_handling" time="8.164" /><testcase classname="tests.integration.test_comprehensive_error_handling.TestComprehensiveErrorHandling" name="test_mcp_rate_limit_error_handling" time="0.008" /><testcase classname="tests.integration.test_comprehensive_error_handling.TestComprehensiveErrorHandling" name="test_mcp_authentication_error_handling" time="0.007" /><testcase classname="tests.integration.test_comprehensive_error_handling.TestComprehensiveErrorHandling" name="test_mcp_validation_error_handling" time="0.008" /><testcase classname="tests.integration.test_comprehensive_error_handling.TestComprehensiveErrorHandling" name="test_vector_store_error_handling" time="0.123" /><testcase classname="tests.integration.test_comprehensive_error_handling.TestComprehensiveErrorHandling" name="test_qdrant_connection_error_handling" time="0.125" /><testcase classname="tests.integration.test_comprehensive_error_handling.TestComprehensiveErrorHandling" name="test_query_counselor_error_handling" time="0.006" /><testcase classname="tests.integration.test_comprehensive_error_handling.TestComprehensiveErrorHandling" name="test_circuit_breaker_functionality" time="0.111" /><testcase classname="tests.integration.test_comprehensive_error_handling.TestComprehensiveErrorHandling" name="test_retry_policy_functionality" time="1.076" /><testcase classname="tests.integration.test_comprehensive_error_handling.TestComprehensiveErrorHandling" name="test_error_context_and_categorization" time="0.001" /><testcase classname="tests.integration.test_comprehensive_error_handling.TestComprehensiveErrorHandling" name="test_parallel_executor_error_handling" time="0.006" /><testcase classname="tests.integration.test_comprehensive_error_handling.TestComprehensiveErrorHandling" name="test_configuration_error_handling" time="0.006" /><testcase classname="tests.integration.test_comprehensive_error_handling.TestComprehensiveErrorHandling" name="test_error_recovery_strategies" time="0.001" /><testcase classname="tests.integration.test_comprehensive_error_handling.TestComprehensiveErrorHandling" name="test_end_to_end_error_resilience" time="0.121" /><testcase classname="tests.integration.test_comprehensive_error_handling.TestComprehensiveErrorHandling" name="test_error_logging_and_monitoring" time="0.001" /><testcase classname="tests.integration.test_comprehensive_error_handling.TestComprehensiveErrorHandling" name="test_graceful_degradation_scenarios" time="0.014" /><testcase classname="tests.integration.test_end_to_end_integration.TestEndToEndIntegration" name="test_complete_query_processing_workflow" time="0.160"><failure message="assert 0 &gt; 0&#10; +  where 0 = VectorStoreMetrics(search_count=0, insert_count=1, total_latency=0.041425466537475586, avg_latency=0.041425466537475586, error_count=0, last_operation_time=1752724054.1419044, connection_pool_usage=0.0).search_count&#10; +    where VectorStoreMetrics(search_count=0, insert_count=1, total_latency=0.041425466537475586, avg_latency=0.041425466537475586, error_count=0, last_operation_time=1752724054.1419044, connection_pool_usage=0.0) = get_metrics()&#10; +      where get_metrics = &lt;src.core.vector_store.EnhancedMockVectorStore object at 0x79d3b6e42e10&gt;.get_metrics">tests/integration/test_end_to_end_integration.py:332: in test_complete_query_processing_workflow
    assert mock_vector_store.get_metrics().search_count &gt; 0
E   assert 0 &gt; 0
E    +  where 0 = VectorStoreMetrics(search_count=0, insert_count=1, total_latency=0.041425466537475586, avg_latency=0.041425466537475586, error_count=0, last_operation_time=1752724054.1419044, connection_pool_usage=0.0).search_count
E    +    where VectorStoreMetrics(search_count=0, insert_count=1, total_latency=0.041425466537475586, avg_latency=0.041425466537475586, error_count=0, last_operation_time=1752724054.1419044, connection_pool_usage=0.0) = get_metrics()
E    +      where get_metrics = &lt;src.core.vector_store.EnhancedMockVectorStore object at 0x79d3b6e42e10&gt;.get_metrics</failure></testcase></testsuite></testsuites>
