<?xml version="1.0" encoding="utf-8"?><testsuites name="pytest tests"><testsuite name="pytest" errors="0" failures="0" skipped="0" tests="1" time="2.623" timestamp="2025-07-15T12:33:07.071680-07:00" hostname="DadsLaptop"><testcase classname="tests.unit.test_query_counselor.TestQueryCounselor" name="test_analyze_intent_empty_query" time="0.029" /></testsuite></testsuites>
