<?xml version="1.0" encoding="utf-8"?><testsuites name="pytest tests"><testsuite name="pytest" errors="0" failures="0" skipped="0" tests="2" time="1.110" timestamp="2025-07-14T17:08:09.700543-07:00" hostname="DadsLaptop"><testcase classname="tests.unit.test_agent_registry.TestAgentRegistry" name="test_agent_registry_logging" time="0.031" /><testcase classname="tests.unit.test_base_agent.TestBaseAgent" name="test_base_agent_process_logging" time="0.002" /></testsuite></testsuites>
