<?xml version="1.0" encoding="utf-8"?><testsuites name="pytest tests"><testsuite name="pytest" errors="0" failures="0" skipped="0" tests="0" time="4.870" timestamp="2025-07-17T05:33:48.754694-07:00" hostname="DadsLaptop" /></testsuites>