<?xml version="1.0" encoding="utf-8"?><testsuites name="pytest tests"><testsuite name="pytest" errors="0" failures="0" skipped="0" tests="89" time="2.028" timestamp="2025-07-15T10:33:12.921244-07:00" hostname="DadsLaptop"><testcase classname="tests.unit.test_edge_cases_parametrized.TestConfigurationValidationEdgeCases" name="test_configuration_validation_edge_cases[invalid-config]" time="0.007" /><testcase classname="tests.unit.test_edge_cases_parametrized.TestConfigurationValidationEdgeCases" name="test_configuration_validation_edge_cases[empty-config]" time="0.056" /><testcase classname="tests.unit.test_edge_cases_parametrized.TestConfigurationValidationEdgeCases" name="test_configuration_validation_edge_cases[null-config]" time="0.001" /><testcase classname="tests.unit.test_edge_cases_parametrized.TestConfigurationValidationEdgeCases" name="test_configuration_validation_edge_cases[list-config]" time="0.001" /><testcase classname="tests.unit.test_edge_cases_parametrized.TestConfigurationValidationEdgeCases" name="test_configuration_validation_edge_cases[string-config]" time="0.001" /><testcase classname="tests.unit.test_edge_cases_parametrized.TestConfigurationValidationEdgeCases" name="test_configuration_validation_edge_cases[number-config]" time="0.001" /><testcase classname="tests.unit.test_edge_cases_parametrized.TestConfigurationValidationEdgeCases" name="test_configuration_validation_edge_cases[empty-name]" time="0.004" /><testcase classname="tests.unit.test_edge_cases_parametrized.TestConfigurationValidationEdgeCases" name="test_configuration_validation_edge_cases[null-name]" time="0.003" /><testcase classname="tests.unit.test_edge_cases_parametrized.TestConfigurationValidationEdgeCases" name="test_configuration_validation_edge_cases[very-long-name]" time="0.006" /><testcase classname="tests.unit.test_edge_cases_parametrized.TestConfigurationValidationEdgeCases" name="test_configuration_validation_edge_cases[binary-name]" time="0.003" /><testcase classname="tests.unit.test_edge_cases_parametrized.TestConfigurationValidationEdgeCases" name="test_configuration_validation_edge_cases[unicode-name]" time="0.003" /><testcase classname="tests.unit.test_edge_cases_parametrized.TestConfigurationValidationEdgeCases" name="test_configuration_validation_edge_cases[missing-name]" time="0.062" /><testcase classname="tests.unit.test_edge_cases_parametrized.TestConfigurationValidationEdgeCases" name="test_configuration_validation_edge_cases[minimal-valid]" time="0.050" /><testcase classname="tests.unit.test_edge_cases_parametrized.TestInputSanitizationBoundaries" name="test_input_sanitization_boundaries[empty-input]" time="0.001" /><testcase classname="tests.unit.test_edge_cases_parametrized.TestInputSanitizationBoundaries" name="test_input_sanitization_boundaries[single-char]" time="0.000" /><testcase classname="tests.unit.test_edge_cases_parametrized.TestInputSanitizationBoundaries" name="test_input_sanitization_boundaries[small-input]" time="0.001" /><testcase classname="tests.unit.test_edge_cases_parametrized.TestInputSanitizationBoundaries" name="test_input_sanitization_boundaries[medium-input]" time="0.000" /><testcase classname="tests.unit.test_edge_cases_parametrized.TestInputSanitizationBoundaries" name="test_input_sanitization_boundaries[large-input]" time="0.000" /><testcase classname="tests.unit.test_edge_cases_parametrized.TestInputSanitizationBoundaries" name="test_input_sanitization_boundaries[very-large-input]" time="0.000" /><testcase classname="tests.unit.test_edge_cases_parametrized.TestInputSanitizationBoundaries" name="test_input_sanitization_boundaries[binary-input]" time="0.000" /><testcase classname="tests.unit.test_edge_cases_parametrized.TestInputSanitizationBoundaries" name="test_input_sanitization_boundaries[unicode-input]" time="0.000" /><testcase classname="tests.unit.test_edge_cases_parametrized.TestInputSanitizationBoundaries" name="test_input_sanitization_boundaries[whitespace-input]" time="0.000" /><testcase classname="tests.unit.test_edge_cases_parametrized.TestInputSanitizationBoundaries" name="test_input_sanitization_boundaries[sql-like]" time="0.000" /><testcase classname="tests.unit.test_edge_cases_parametrized.TestInputSanitizationBoundaries" name="test_input_sanitization_boundaries[xss-like]" time="0.001" /><testcase classname="tests.unit.test_edge_cases_parametrized.TestInputSanitizationBoundaries" name="test_input_sanitization_boundaries[path-traversal]" time="0.000" /><testcase classname="tests.unit.test_edge_cases_parametrized.TestInputSanitizationBoundaries" name="test_input_sanitization_boundaries[log4j-style]" time="0.000" /><testcase classname="tests.unit.test_edge_cases_parametrized.TestQueryProcessingEdgeCases" name="test_query_processing_edge_cases[empty-query]" time="0.001" /><testcase classname="tests.unit.test_edge_cases_parametrized.TestQueryProcessingEdgeCases" name="test_query_processing_edge_cases[long-query]" time="0.001" /><testcase classname="tests.unit.test_edge_cases_parametrized.TestQueryProcessingEdgeCases" name="test_query_processing_edge_cases[null-query]" time="0.001" /><testcase classname="tests.unit.test_edge_cases_parametrized.TestQueryProcessingEdgeCases" name="test_query_processing_edge_cases[empty-context]" time="0.002" /><testcase classname="tests.unit.test_edge_cases_parametrized.TestQueryProcessingEdgeCases" name="test_query_processing_edge_cases[null-context]" time="0.001" /><testcase classname="tests.unit.test_edge_cases_parametrized.TestQueryProcessingEdgeCases" name="test_query_processing_edge_cases[unicode-content]" time="0.001" /><testcase classname="tests.unit.test_edge_cases_parametrized.TestQueryProcessingEdgeCases" name="test_query_processing_edge_cases[malformed-json]" time="0.001" /><testcase classname="tests.unit.test_edge_cases_parametrized.TestQueryProcessingEdgeCases" name="test_query_processing_edge_cases[valid-json]" time="0.001" /><testcase classname="tests.unit.test_edge_cases_parametrized.TestQueryProcessingEdgeCases" name="test_query_processing_edge_cases[newlines]" time="0.001" /><testcase classname="tests.unit.test_edge_cases_parametrized.TestQueryProcessingEdgeCases" name="test_query_processing_edge_cases[tabs]" time="0.001" /><testcase classname="tests.unit.test_edge_cases_parametrized.TestQueryProcessingEdgeCases" name="test_query_processing_edge_cases[html-tags]" time="0.000" /><testcase classname="tests.unit.test_edge_cases_parametrized.TestErrorHandlingEdgeCases" name="test_error_handling_edge_cases[network-error]" time="0.001" /><testcase classname="tests.unit.test_edge_cases_parametrized.TestErrorHandlingEdgeCases" name="test_error_handling_edge_cases[timeout-error]" time="0.002" /><testcase classname="tests.unit.test_edge_cases_parametrized.TestErrorHandlingEdgeCases" name="test_error_handling_edge_cases[validation-error]" time="0.001" /><testcase classname="tests.unit.test_edge_cases_parametrized.TestErrorHandlingEdgeCases" name="test_error_handling_edge_cases[missing-data-error]" time="0.001" /><testcase classname="tests.unit.test_edge_cases_parametrized.TestErrorHandlingEdgeCases" name="test_error_handling_edge_cases[permission-error]" time="0.001" /><testcase classname="tests.unit.test_edge_cases_parametrized.TestErrorHandlingEdgeCases" name="test_error_handling_edge_cases[file-error]" time="0.001" /><testcase classname="tests.unit.test_edge_cases_parametrized.TestErrorHandlingEdgeCases" name="test_error_handling_edge_cases[json-error]" time="0.002" /><testcase classname="tests.unit.test_edge_cases_parametrized.TestErrorHandlingEdgeCases" name="test_error_handling_edge_cases[generic-error]" time="0.001" /><testcase classname="tests.unit.test_edge_cases_parametrized.TestPerformanceBoundaryConditions" name="test_processing_performance_boundaries[empty]" time="0.001" /><testcase classname="tests.unit.test_edge_cases_parametrized.TestPerformanceBoundaryConditions" name="test_processing_performance_boundaries[minimal]" time="0.001" /><testcase classname="tests.unit.test_edge_cases_parametrized.TestPerformanceBoundaryConditions" name="test_processing_performance_boundaries[small]" time="0.012" /><testcase classname="tests.unit.test_edge_cases_parametrized.TestPerformanceBoundaryConditions" name="test_processing_performance_boundaries[medium]" time="0.105" /><testcase classname="tests.unit.test_edge_cases_parametrized.TestPerformanceBoundaryConditions" name="test_processing_performance_boundaries[large]" time="1.008" /><testcase classname="tests.unit.test_edge_cases_parametrized.TestSecurityEdgeCases" name="test_security_input_validation[sql-injection]" time="0.003" /><testcase classname="tests.unit.test_edge_cases_parametrized.TestSecurityEdgeCases" name="test_security_input_validation[xss-attempt]" time="0.002" /><testcase classname="tests.unit.test_edge_cases_parametrized.TestSecurityEdgeCases" name="test_security_input_validation[template-injection]" time="0.001" /><testcase classname="tests.unit.test_edge_cases_parametrized.TestSecurityEdgeCases" name="test_security_input_validation[log4j-injection]" time="0.001" /><testcase classname="tests.unit.test_edge_cases_parametrized.TestSecurityEdgeCases" name="test_security_input_validation[path-traversal]" time="0.000" /><testcase classname="tests.unit.test_edge_cases_parametrized.TestSecurityEdgeCases" name="test_security_input_validation[encoded-path-traversal]" time="0.001" /><testcase classname="tests.unit.test_edge_cases_parametrized.TestSecurityEdgeCases" name="test_security_input_validation[large-payload]" time="0.023" /><testcase classname="tests.unit.test_edge_cases_parametrized.TestSecurityEdgeCases" name="test_security_input_validation[null-byte-injection]" time="0.001" /><testcase classname="tests.unit.test_edge_cases_parametrized.TestSecurityEdgeCases" name="test_security_input_validation[crlf-injection]" time="0.001" /><testcase classname="tests.unit.test_edge_cases_parametrized.TestConcurrencyEdgeCases" name="test_concurrent_processing[single]" time="0.013" /><testcase classname="tests.unit.test_edge_cases_parametrized.TestConcurrencyEdgeCases" name="test_concurrent_processing[few]" time="0.017" /><testcase classname="tests.unit.test_edge_cases_parametrized.TestConcurrencyEdgeCases" name="test_concurrent_processing[medium]" time="0.030" /><testcase classname="tests.unit.test_edge_cases_parametrized.TestConcurrencyEdgeCases" name="test_concurrent_processing[many]" time="0.066" /><testcase classname="tests.unit.test_edge_cases_parametrized.TestConfigurationEdgeCasesWithFixtures" name="test_configuration_edge_cases_with_fixtures[config_edge_cases0]" time="0.002" /><testcase classname="tests.unit.test_edge_cases_parametrized.TestConfigurationEdgeCasesWithFixtures" name="test_configuration_edge_cases_with_fixtures[config_edge_cases1]" time="0.003" /><testcase classname="tests.unit.test_edge_cases_parametrized.TestConfigurationEdgeCasesWithFixtures" name="test_configuration_edge_cases_with_fixtures[None]" time="0.003" /><testcase classname="tests.unit.test_edge_cases_parametrized.TestConfigurationEdgeCasesWithFixtures" name="test_configuration_edge_cases_with_fixtures[config_edge_cases3]" time="0.002" /><testcase classname="tests.unit.test_edge_cases_parametrized.TestConfigurationEdgeCasesWithFixtures" name="test_configuration_edge_cases_with_fixtures[string_config]" time="0.001" /><testcase classname="tests.unit.test_edge_cases_parametrized.TestConfigurationEdgeCasesWithFixtures" name="test_configuration_edge_cases_with_fixtures[123]" time="0.002" /><testcase classname="tests.unit.test_edge_cases_parametrized.TestConfigurationEdgeCasesWithFixtures" name="test_configuration_edge_cases_with_fixtures[config_edge_cases6]" time="0.002" /><testcase classname="tests.unit.test_edge_cases_parametrized.TestConfigurationEdgeCasesWithFixtures" name="test_configuration_edge_cases_with_fixtures[config_edge_cases7]" time="0.002" /><testcase classname="tests.unit.test_edge_cases_parametrized.TestConfigurationEdgeCasesWithFixtures" name="test_configuration_edge_cases_with_fixtures[long-app-name]" time="0.002" /><testcase classname="tests.unit.test_edge_cases_parametrized.TestConfigurationEdgeCasesWithFixtures" name="test_configuration_edge_cases_with_fixtures[config_edge_cases9]" time="0.002" /><testcase classname="tests.unit.test_edge_cases_parametrized.TestConfigurationEdgeCasesWithFixtures" name="test_configuration_edge_cases_with_fixtures[config_edge_cases10]" time="0.002" /><testcase classname="tests.unit.test_edge_cases_parametrized.TestConfigurationEdgeCasesWithFixtures" name="test_configuration_edge_cases_with_fixtures[config_edge_cases11]" time="0.001" /><testcase classname="tests.unit.test_edge_cases_parametrized.TestConfigurationEdgeCasesWithFixtures" name="test_configuration_edge_cases_with_fixtures[config_edge_cases12]" time="0.001" /><testcase classname="tests.unit.test_edge_cases_parametrized.TestConfigurationEdgeCasesWithFixtures" name="test_input_edge_cases_with_fixtures[None]" time="0.001" /><testcase classname="tests.unit.test_edge_cases_parametrized.TestConfigurationEdgeCasesWithFixtures" name="test_input_edge_cases_with_fixtures[]" time="0.001" /><testcase classname="tests.unit.test_edge_cases_parametrized.TestConfigurationEdgeCasesWithFixtures" name="test_input_edge_cases_with_fixtures[a]" time="0.001" /><testcase classname="tests.unit.test_edge_cases_parametrized.TestConfigurationEdgeCasesWithFixtures" name="test_input_edge_cases_with_fixtures[aaaaaaaaaaaaaaaaaaaaaaaaaaaaaaaaaaaaaaaaaaaaaaaaaaaaaaaaaaaaaaaaaaaaaaaaaaaaaaaaaaaaaaaaaaaaaaaaaaaa]" time="0.001" /><testcase classname="tests.unit.test_edge_cases_parametrized.TestConfigurationEdgeCasesWithFixtures" name="test_input_edge_cases_with_fixtures[medium-input]" time="0.001" /><testcase classname="tests.unit.test_edge_cases_parametrized.TestConfigurationEdgeCasesWithFixtures" name="test_input_edge_cases_with_fixtures[large-input]" time="0.001" /><testcase classname="tests.unit.test_edge_cases_parametrized.TestConfigurationEdgeCasesWithFixtures" name="test_input_edge_cases_with_fixtures[\x00\x01]" time="0.001" /><testcase classname="tests.unit.test_edge_cases_parametrized.TestConfigurationEdgeCasesWithFixtures" name="test_input_edge_cases_with_fixtures[\U0001f680\U0001f525\U0001f4af]" time="0.001" /><testcase classname="tests.unit.test_edge_cases_parametrized.TestConfigurationEdgeCasesWithFixtures" name="test_input_edge_cases_with_fixtures[\n\r\t]" time="0.000" /><testcase classname="tests.unit.test_edge_cases_parametrized.TestConfigurationEdgeCasesWithFixtures" name="test_input_edge_cases_with_fixtures[normal input]" time="0.001" /><testcase classname="tests.unit.test_edge_cases_parametrized.TestConfigurationEdgeCasesWithFixtures" name="test_input_edge_cases_with_fixtures[123]" time="0.001" /><testcase classname="tests.unit.test_edge_cases_parametrized.TestConfigurationEdgeCasesWithFixtures" name="test_input_edge_cases_with_fixtures[edge_case_inputs11]" time="0.001" /><testcase classname="tests.unit.test_edge_cases_parametrized.TestConfigurationEdgeCasesWithFixtures" name="test_input_edge_cases_with_fixtures[edge_case_inputs12]" time="0.001" /></testsuite></testsuites>
