<?xml version="1.0" encoding="utf-8"?><testsuites name="pytest tests"><testsuite name="pytest" errors="0" failures="0" skipped="0" tests="2" time="9.522" timestamp="2025-07-15T14:24:39.523052-07:00" hostname="DadsLaptop"><testcase classname="tests.unit.test_hyde_processor.TestHydeProcessor" name="test_hyde_processor_initialization" time="0.064" /><testcase classname="tests.unit.test_vector_store.TestVectorStoreMetrics" name="test_search_metrics_update" time="0.002" /></testsuite></testsuites>
