<?xml version="1.0" encoding="utf-8"?><testsuites name="pytest tests"><testsuite name="pytest" errors="0" failures="0" skipped="0" tests="100" time="7.751" timestamp="2025-07-23T14:30:48.705631-07:00" hostname="DadsLaptop"><properties><property name="hypothesis-statistics-tests/unit/test_hypothesis_validation.py::TestQueryProcessingProperties::test_query_tokenization_properties" value="dGVzdHMvdW5pdC90ZXN0X2h5cG90aGVzaXNfdmFsaWRhdGlvbi5weTo6VGVzdFF1ZXJ5UHJvY2Vzc2luZ1Byb3BlcnRpZXM6OnRlc3RfcXVlcnlfdG9rZW5pemF0aW9uX3Byb3BlcnRpZXM6CgogIC0gZHVyaW5nIGdlbmVyYXRlIHBoYXNlICgwLjEzIHNlY29uZHMpOgogICAgLSBUeXBpY2FsIHJ1bnRpbWVzOiA8IDFtcywgb2Ygd2hpY2ggPCAxbXMgaW4gZGF0YSBnZW5lcmF0aW9uCiAgICAtIDEwMCBwYXNzaW5nIGV4YW1wbGVzLCAwIGZhaWxpbmcgZXhhbXBsZXMsIDIgaW52YWxpZCBleGFtcGxlcwogICAgLSBFdmVudHM6CiAgICAgICogMS45NiUsIGludmFsaWQgYmVjYXVzZTogZmFpbGVkIHRvIHNhdGlzZnkgYXNzdW1lKCkgaW4gdGVzdF9xdWVyeV90b2tlbml6YXRpb25fcHJvcGVydGllcyAobGluZSAxNykKCiAgLSBTdG9wcGVkIGJlY2F1c2Ugc2V0dGluZ3MubWF4X2V4YW1wbGVzPTEwMA==" /><property name="hypothesis-statistics-tests/unit/test_hypothesis_validation.py::TestQueryProcessingProperties::test_text_processing_invariants" value="dGVzdHMvdW5pdC90ZXN0X2h5cG90aGVzaXNfdmFsaWRhdGlvbi5weTo6VGVzdFF1ZXJ5UHJvY2Vzc2luZ1Byb3BlcnRpZXM6OnRlc3RfdGV4dF9wcm9jZXNzaW5nX2ludmFyaWFudHM6CgogIC0gZHVyaW5nIGdlbmVyYXRlIHBoYXNlICgwLjE2IHNlY29uZHMpOgogICAgLSBUeXBpY2FsIHJ1bnRpbWVzOiB+IDAtMSBtcywgb2Ygd2hpY2ggfiAwLTEgbXMgaW4gZGF0YSBnZW5lcmF0aW9uCiAgICAtIDEwMCBwYXNzaW5nIGV4YW1wbGVzLCAwIGZhaWxpbmcgZXhhbXBsZXMsIDIwIGludmFsaWQgZXhhbXBsZXMKCiAgLSBTdG9wcGVkIGJlY2F1c2Ugc2V0dGluZ3MubWF4X2V4YW1wbGVzPTEwMA==" /><property name="hypothesis-statistics-tests/unit/test_hypothesis_validation.py::TestQueryProcessingProperties::test_similarity_score_properties" value="dGVzdHMvdW5pdC90ZXN0X2h5cG90aGVzaXNfdmFsaWRhdGlvbi5weTo6VGVzdFF1ZXJ5UHJvY2Vzc2luZ1Byb3BlcnRpZXM6OnRlc3Rfc2ltaWxhcml0eV9zY29yZV9wcm9wZXJ0aWVzOgoKICAtIGR1cmluZyBnZW5lcmF0ZSBwaGFzZSAoMC4wNyBzZWNvbmRzKToKICAgIC0gVHlwaWNhbCBydW50aW1lczogPCAxbXMsIG9mIHdoaWNoIDwgMW1zIGluIGRhdGEgZ2VuZXJhdGlvbgogICAgLSAxMDAgcGFzc2luZyBleGFtcGxlcywgMCBmYWlsaW5nIGV4YW1wbGVzLCAwIGludmFsaWQgZXhhbXBsZXMKCiAgLSBTdG9wcGVkIGJlY2F1c2Ugc2V0dGluZ3MubWF4X2V4YW1wbGVzPTEwMA==" /><property name="hypothesis-statistics-tests/unit/test_hypothesis_validation.py::TestDataStructureProperties::test_list_operations_invariants" value="dGVzdHMvdW5pdC90ZXN0X2h5cG90aGVzaXNfdmFsaWRhdGlvbi5weTo6VGVzdERhdGFTdHJ1Y3R1cmVQcm9wZXJ0aWVzOjp0ZXN0X2xpc3Rfb3BlcmF0aW9uc19pbnZhcmlhbnRzOgoKICAtIGR1cmluZyBnZW5lcmF0ZSBwaGFzZSAoMC4xMSBzZWNvbmRzKToKICAgIC0gVHlwaWNhbCBydW50aW1lczogPCAxbXMsIG9mIHdoaWNoIDwgMW1zIGluIGRhdGEgZ2VuZXJhdGlvbgogICAgLSAxMDAgcGFzc2luZyBleGFtcGxlcywgMCBmYWlsaW5nIGV4YW1wbGVzLCAyMSBpbnZhbGlkIGV4YW1wbGVzCgogIC0gU3RvcHBlZCBiZWNhdXNlIHNldHRpbmdzLm1heF9leGFtcGxlcz0xMDA=" /><property name="hypothesis-statistics-tests/unit/test_hypothesis_validation.py::TestDataStructureProperties::test_dictionary_operations_properties" value="dGVzdHMvdW5pdC90ZXN0X2h5cG90aGVzaXNfdmFsaWRhdGlvbi5weTo6VGVzdERhdGFTdHJ1Y3R1cmVQcm9wZXJ0aWVzOjp0ZXN0X2RpY3Rpb25hcnlfb3BlcmF0aW9uc19wcm9wZXJ0aWVzOgoKICAtIGR1cmluZyBnZW5lcmF0ZSBwaGFzZSAoMC4xOCBzZWNvbmRzKToKICAgIC0gVHlwaWNhbCBydW50aW1lczogfiAwLTEgbXMsIG9mIHdoaWNoIH4gMC0xIG1zIGluIGRhdGEgZ2VuZXJhdGlvbgogICAgLSAxMDAgcGFzc2luZyBleGFtcGxlcywgMCBmYWlsaW5nIGV4YW1wbGVzLCAzMCBpbnZhbGlkIGV4YW1wbGVzCiAgICAtIEV2ZW50czoKICAgICAgKiA0NS4zOCUsIFJldHJpZWQgZHJhdyBmcm9tIHRleHQoY2hhcmFjdGVycyhjb2RlYz0ndXRmLTgnKSwgbWluX3NpemU9MSwgbWF4X3NpemU9MjApLmZpbHRlcihub3RfeWV0X2luX3VuaXF1ZV9saXN0KSB0byBzYXRpc2Z5IGZpbHRlcgoKICAtIFN0b3BwZWQgYmVjYXVzZSBzZXR0aW5ncy5tYXhfZXhhbXBsZXM9MTAw" /><property name="hypothesis-statistics-tests/unit/test_hypothesis_validation.py::TestDataStructureProperties::test_json_serialization_properties" value="dGVzdHMvdW5pdC90ZXN0X2h5cG90aGVzaXNfdmFsaWRhdGlvbi5weTo6VGVzdERhdGFTdHJ1Y3R1cmVQcm9wZXJ0aWVzOjp0ZXN0X2pzb25fc2VyaWFsaXphdGlvbl9wcm9wZXJ0aWVzOgoKICAtIGR1cmluZyBnZW5lcmF0ZSBwaGFzZSAoMC42NCBzZWNvbmRzKToKICAgIC0gVHlwaWNhbCBydW50aW1lczogfiAwLTkgbXMsIG9mIHdoaWNoIH4gMC05IG1zIGluIGRhdGEgZ2VuZXJhdGlvbgogICAgLSAxMDAgcGFzc2luZyBleGFtcGxlcywgMCBmYWlsaW5nIGV4YW1wbGVzLCAxNSBpbnZhbGlkIGV4YW1wbGVzCiAgICAtIEV2ZW50czoKICAgICAgKiAxMC40MyUsIFJldHJpZWQgZHJhdyBmcm9tIHRleHQoY2hhcmFjdGVycyhjb2RlYz0ndXRmLTgnKSwgbWluX3NpemU9MSwgbWF4X3NpemU9MTApLmZpbHRlcihub3RfeWV0X2luX3VuaXF1ZV9saXN0KSB0byBzYXRpc2Z5IGZpbHRlcgoKICAtIFN0b3BwZWQgYmVjYXVzZSBzZXR0aW5ncy5tYXhfZXhhbXBsZXM9MTAw" /><property name="hypothesis-statistics-tests/unit/test_hypothesis_validation.py::TestAlgorithmProperties::test_search_algorithm_properties" value="dGVzdHMvdW5pdC90ZXN0X2h5cG90aGVzaXNfdmFsaWRhdGlvbi5weTo6VGVzdEFsZ29yaXRobVByb3BlcnRpZXM6OnRlc3Rfc2VhcmNoX2FsZ29yaXRobV9wcm9wZXJ0aWVzOgoKICAtIGR1cmluZyBnZW5lcmF0ZSBwaGFzZSAoMC4xMSBzZWNvbmRzKToKICAgIC0gVHlwaWNhbCBydW50aW1lczogPCAxbXMsIG9mIHdoaWNoIDwgMW1zIGluIGRhdGEgZ2VuZXJhdGlvbgogICAgLSAxMDAgcGFzc2luZyBleGFtcGxlcywgMCBmYWlsaW5nIGV4YW1wbGVzLCAxNSBpbnZhbGlkIGV4YW1wbGVzCgogIC0gU3RvcHBlZCBiZWNhdXNlIHNldHRpbmdzLm1heF9leGFtcGxlcz0xMDA=" /><property name="hypothesis-statistics-tests/unit/test_hypothesis_validation.py::TestAlgorithmProperties::test_vector_operations_properties" value="dGVzdHMvdW5pdC90ZXN0X2h5cG90aGVzaXNfdmFsaWRhdGlvbi5weTo6VGVzdEFsZ29yaXRobVByb3BlcnRpZXM6OnRlc3RfdmVjdG9yX29wZXJhdGlvbnNfcHJvcGVydGllczoKCiAgLSBkdXJpbmcgZ2VuZXJhdGUgcGhhc2UgKDAuMTQgc2Vjb25kcyk6CiAgICAtIFR5cGljYWwgcnVudGltZXM6IH4gMC0xIG1zLCBvZiB3aGljaCB+IDAtMSBtcyBpbiBkYXRhIGdlbmVyYXRpb24KICAgIC0gMTAwIHBhc3NpbmcgZXhhbXBsZXMsIDAgZmFpbGluZyBleGFtcGxlcywgNiBpbnZhbGlkIGV4YW1wbGVzCgogIC0gU3RvcHBlZCBiZWNhdXNlIHNldHRpbmdzLm1heF9leGFtcGxlcz0xMDA=" /><property name="hypothesis-statistics-tests/unit/test_hypothesis_validation.py::TestAlgorithmProperties::test_hash_function_properties" value="dGVzdHMvdW5pdC90ZXN0X2h5cG90aGVzaXNfdmFsaWRhdGlvbi5weTo6VGVzdEFsZ29yaXRobVByb3BlcnRpZXM6OnRlc3RfaGFzaF9mdW5jdGlvbl9wcm9wZXJ0aWVzOgoKICAtIGR1cmluZyBnZW5lcmF0ZSBwaGFzZSAoMC4wNiBzZWNvbmRzKToKICAgIC0gVHlwaWNhbCBydW50aW1lczogPCAxbXMsIG9mIHdoaWNoIDwgMW1zIGluIGRhdGEgZ2VuZXJhdGlvbgogICAgLSAxMDAgcGFzc2luZyBleGFtcGxlcywgMCBmYWlsaW5nIGV4YW1wbGVzLCAzIGludmFsaWQgZXhhbXBsZXMKICAgIC0gRXZlbnRzOgogICAgICAqIDIuOTElLCBpbnZhbGlkIGJlY2F1c2U6IGZhaWxlZCB0byBzYXRpc2Z5IGFzc3VtZSgpIGluIHRlc3RfaGFzaF9mdW5jdGlvbl9wcm9wZXJ0aWVzIChsaW5lIDIxNykKCiAgLSBTdG9wcGVkIGJlY2F1c2Ugc2V0dGluZ3MubWF4X2V4YW1wbGVzPTEwMA==" /><property name="hypothesis-statistics-tests/unit/test_hypothesis_validation.py::TestErrorHandlingProperties::test_type_validation_properties" value="dGVzdHMvdW5pdC90ZXN0X2h5cG90aGVzaXNfdmFsaWRhdGlvbi5weTo6VGVzdEVycm9ySGFuZGxpbmdQcm9wZXJ0aWVzOjp0ZXN0X3R5cGVfdmFsaWRhdGlvbl9wcm9wZXJ0aWVzOgoKICAtIGR1cmluZyBnZW5lcmF0ZSBwaGFzZSAoMC4xOSBzZWNvbmRzKToKICAgIC0gVHlwaWNhbCBydW50aW1lczogfiAwLTEgbXMsIG9mIHdoaWNoIDwgMW1zIGluIGRhdGEgZ2VuZXJhdGlvbgogICAgLSAxMDAgcGFzc2luZyBleGFtcGxlcywgMCBmYWlsaW5nIGV4YW1wbGVzLCAzIGludmFsaWQgZXhhbXBsZXMKCiAgLSBTdG9wcGVkIGJlY2F1c2Ugc2V0dGluZ3MubWF4X2V4YW1wbGVzPTEwMA==" /><property name="hypothesis-statistics-tests/unit/test_hypothesis_validation.py::TestErrorHandlingProperties::test_filtering_properties" value="dGVzdHMvdW5pdC90ZXN0X2h5cG90aGVzaXNfdmFsaWRhdGlvbi5weTo6VGVzdEVycm9ySGFuZGxpbmdQcm9wZXJ0aWVzOjp0ZXN0X2ZpbHRlcmluZ19wcm9wZXJ0aWVzOgoKICAtIGR1cmluZyBnZW5lcmF0ZSBwaGFzZSAoMC4xOCBzZWNvbmRzKToKICAgIC0gVHlwaWNhbCBydW50aW1lczogfiAwLTEgbXMsIG9mIHdoaWNoIH4gMC0xIG1zIGluIGRhdGEgZ2VuZXJhdGlvbgogICAgLSAxMDAgcGFzc2luZyBleGFtcGxlcywgMCBmYWlsaW5nIGV4YW1wbGVzLCAxNCBpbnZhbGlkIGV4YW1wbGVzCgogIC0gU3RvcHBlZCBiZWNhdXNlIHNldHRpbmdzLm1heF9leGFtcGxlcz0xMDA=" /><property name="hypothesis-statistics-tests/unit/test_hypothesis_validation.py::TestPerformanceProperties::test_scaling_properties" value="dGVzdHMvdW5pdC90ZXN0X2h5cG90aGVzaXNfdmFsaWRhdGlvbi5weTo6VGVzdFBlcmZvcm1hbmNlUHJvcGVydGllczo6dGVzdF9zY2FsaW5nX3Byb3BlcnRpZXM6CgogIC0gZHVyaW5nIGdlbmVyYXRlIHBoYXNlICgwLjA1IHNlY29uZHMpOgogICAgLSBUeXBpY2FsIHJ1bnRpbWVzOiA8IDFtcywgb2Ygd2hpY2ggPCAxbXMgaW4gZGF0YSBnZW5lcmF0aW9uCiAgICAtIDEwMCBwYXNzaW5nIGV4YW1wbGVzLCAwIGZhaWxpbmcgZXhhbXBsZXMsIDAgaW52YWxpZCBleGFtcGxlcwoKICAtIFN0b3BwZWQgYmVjYXVzZSBzZXR0aW5ncy5tYXhfZXhhbXBsZXM9MTAw" /><property name="hypothesis-statistics-tests/unit/test_hypothesis_validation.py::TestPerformanceProperties::test_memory_efficiency_properties" value="dGVzdHMvdW5pdC90ZXN0X2h5cG90aGVzaXNfdmFsaWRhdGlvbi5weTo6VGVzdFBlcmZvcm1hbmNlUHJvcGVydGllczo6dGVzdF9tZW1vcnlfZWZmaWNpZW5jeV9wcm9wZXJ0aWVzOgoKICAtIGR1cmluZyBnZW5lcmF0ZSBwaGFzZSAoMC4wOCBzZWNvbmRzKToKICAgIC0gVHlwaWNhbCBydW50aW1lczogPCAxbXMsIG9mIHdoaWNoIDwgMW1zIGluIGRhdGEgZ2VuZXJhdGlvbgogICAgLSAxMDAgcGFzc2luZyBleGFtcGxlcywgMCBmYWlsaW5nIGV4YW1wbGVzLCAwIGludmFsaWQgZXhhbXBsZXMKCiAgLSBTdG9wcGVkIGJlY2F1c2Ugc2V0dGluZ3MubWF4X2V4YW1wbGVzPTEwMA==" /></properties><testcase classname="tests.unit.test_agent_performance.TestAgentPerformanceMonitoring" name="test_timing_accuracy_edge_cases" time="0.029" /><testcase classname="tests.unit.test_agent_performance.TestAgentPerformanceMonitoring" name="test_performance_metadata_accuracy" time="0.120" /><testcase classname="tests.unit.test_agent_performance.TestAgentPerformanceMonitoring" name="test_performance_monitoring_under_load" time="0.044" /><testcase classname="tests.unit.test_agent_performance.TestAgentPerformanceMonitoring" name="test_timeout_boundary_conditions" time="0.003" /><testcase classname="tests.unit.test_agent_performance.TestAgentPerformanceMonitoring" name="test_performance_with_config_overrides" time="0.056" /><testcase classname="tests.unit.test_agent_performance.TestAgentPerformanceMonitoring" name="test_performance_monitoring_error_conditions" time="0.013" /><testcase classname="tests.unit.test_agent_performance.TestAgentPerformanceMonitoring" name="test_performance_history_tracking" time="0.117" /><testcase classname="tests.unit.test_agent_performance.TestAgentPerformanceMonitoring" name="test_performance_monitoring_edge_cases" time="0.001" /><testcase classname="tests.unit.test_agent_performance.TestAgentPerformanceMonitoring" name="test_registry_performance_with_many_agents" time="0.020" /><testcase classname="tests.unit.test_agent_performance.TestAgentPerformanceMonitoring" name="test_memory_usage_monitoring" time="0.112" /><testcase classname="tests.unit.test_error_boundary_conditions.TestErrorBoundaryConditions" name="test_agent_error_serialization_boundary_cases" time="0.001" /><testcase classname="tests.unit.test_error_boundary_conditions.TestErrorBoundaryConditions" name="test_error_context_preservation_across_boundaries" time="0.000" /><testcase classname="tests.unit.test_error_boundary_conditions.TestErrorBoundaryConditions" name="test_handle_agent_error_boundary_cases" time="0.001" /><testcase classname="tests.unit.test_error_boundary_conditions.TestErrorBoundaryConditions" name="test_create_agent_error_boundary_cases" time="0.001" /><testcase classname="tests.unit.test_error_boundary_conditions.TestErrorBoundaryConditions" name="test_error_propagation_in_agent_execution" time="0.002" /><testcase classname="tests.unit.test_error_boundary_conditions.TestErrorBoundaryConditions" name="test_nested_error_handling" time="0.001" /><testcase classname="tests.unit.test_error_boundary_conditions.TestErrorBoundaryConditions" name="test_configuration_validation_error_boundaries" time="0.001" /><testcase classname="tests.unit.test_error_boundary_conditions.TestErrorBoundaryConditions" name="test_output_validation_error_boundaries" time="0.002" /><testcase classname="tests.unit.test_error_boundary_conditions.TestErrorBoundaryConditions" name="test_registry_error_boundary_conditions" time="0.001" /><testcase classname="tests.unit.test_error_boundary_conditions.TestErrorBoundaryConditions" name="test_timeout_error_boundary_conditions" time="0.003" /><testcase classname="tests.unit.test_error_boundary_conditions.TestErrorBoundaryConditions" name="test_error_string_representation_boundaries" time="0.000" /><testcase classname="tests.unit.test_error_boundary_conditions.TestErrorBoundaryConditions" name="test_agent_initialization_error_recovery" time="0.001" /><testcase classname="tests.unit.test_error_boundary_conditions.TestErrorBoundaryConditions" name="test_concurrent_error_handling" time="0.003" /><testcase classname="tests.unit.test_hypothesis_validation.TestQueryProcessingProperties" name="test_query_tokenization_properties" time="0.156" /><testcase classname="tests.unit.test_hypothesis_validation.TestQueryProcessingProperties" name="test_text_processing_invariants" time="0.159" /><testcase classname="tests.unit.test_hypothesis_validation.TestQueryProcessingProperties" name="test_similarity_score_properties" time="0.075" /><testcase classname="tests.unit.test_hypothesis_validation.TestDataStructureProperties" name="test_list_operations_invariants" time="0.111" /><testcase classname="tests.unit.test_hypothesis_validation.TestDataStructureProperties" name="test_dictionary_operations_properties" time="0.187" /><testcase classname="tests.unit.test_hypothesis_validation.TestDataStructureProperties" name="test_json_serialization_properties" time="0.639" /><testcase classname="tests.unit.test_hypothesis_validation.TestAlgorithmProperties" name="test_search_algorithm_properties" time="0.110" /><testcase classname="tests.unit.test_hypothesis_validation.TestAlgorithmProperties" name="test_vector_operations_properties" time="0.147" /><testcase classname="tests.unit.test_hypothesis_validation.TestAlgorithmProperties" name="test_hash_function_properties" time="0.063" /><testcase classname="tests.unit.test_hypothesis_validation.TestErrorHandlingProperties" name="test_type_validation_properties" time="0.195" /><testcase classname="tests.unit.test_hypothesis_validation.TestErrorHandlingProperties" name="test_filtering_properties" time="0.186" /><testcase classname="tests.unit.test_hypothesis_validation.TestPerformanceProperties" name="test_scaling_properties" time="0.051" /><testcase classname="tests.unit.test_hypothesis_validation.TestPerformanceProperties" name="test_memory_efficiency_properties" time="0.079" /><testcase classname="tests.unit.test_jwt_validator_coverage.TestJWTValidatorCoverage" name="test_jwt_validator_initialization" time="0.001" /><testcase classname="tests.unit.test_jwt_validator_coverage.TestJWTValidatorCoverage" name="test_jwt_validator_defaults" time="0.001" /><testcase classname="tests.unit.test_jwt_validator_coverage.TestJWTValidatorCoverage" name="test_is_email_allowed_exact_match" time="0.001" /><testcase classname="tests.unit.test_jwt_validator_coverage.TestJWTValidatorCoverage" name="test_is_email_allowed_domain_match" time="0.001" /><testcase classname="tests.unit.test_jwt_validator_coverage.TestJWTValidatorCoverage" name="test_is_email_allowed_mixed" time="0.000" /><testcase classname="tests.unit.test_jwt_validator_coverage.TestJWTValidatorCoverage" name="test_determine_user_role_admin_email" time="0.000" /><testcase classname="tests.unit.test_jwt_validator_coverage.TestJWTValidatorCoverage" name="test_determine_user_role_admin_groups" time="0.000" /><testcase classname="tests.unit.test_jwt_validator_coverage.TestJWTValidatorCoverage" name="test_determine_user_role_default_user" time="0.001" /><testcase classname="tests.unit.test_jwt_validator_coverage.TestJWTValidatorCoverage" name="test_determine_user_role_no_groups" time="0.001" /><testcase classname="tests.unit.test_jwt_validator_coverage.TestJWTValidatorCoverage" name="test_determine_user_role_invalid_groups" time="0.001" /><testcase classname="tests.unit.test_jwt_validator_coverage.TestJWTValidatorCoverage" name="test_validate_token_format_valid" time="0.001" /><testcase classname="tests.unit.test_jwt_validator_coverage.TestJWTValidatorCoverage" name="test_validate_token_format_invalid_parts" time="0.001" /><testcase classname="tests.unit.test_jwt_validator_coverage.TestJWTValidatorCoverage" name="test_validate_token_format_invalid_base64" time="0.001" /><testcase classname="tests.unit.test_parallel_retry_validation.TestParallelExecution" name="test_parallel_execution_basic" time="0.000" /><testcase classname="tests.unit.test_parallel_retry_validation.TestParallelExecution" name="test_parallel_execution_with_delay" time="0.109" /><testcase classname="tests.unit.test_parallel_retry_validation.TestParallelExecution" name="test_worker_isolation" time="0.001" /><testcase classname="tests.unit.test_parallel_retry_validation.TestParallelExecution" name="test_parallel_safe_operations" time="0.000" /><testcase classname="tests.unit.test_parallel_retry_validation.TestParallelExecution" name="test_independent_calculations" time="0.000" /><testcase classname="tests.unit.test_parallel_retry_validation.TestRetryFunctionality" name="test_stable_test_passes" time="0.000" /><testcase classname="tests.unit.test_parallel_retry_validation.TestRetryFunctionality" name="test_deterministic_computation" time="0.000" /><testcase classname="tests.unit.test_parallel_retry_validation.TestRetryFunctionality" name="test_string_operations" time="0.000" /><testcase classname="tests.unit.test_parallel_retry_validation.TestRetryFunctionality" name="test_list_operations" time="0.000" /><testcase classname="tests.unit.test_parallel_retry_validation.TestSequentialOnly" name="test_sequential_resource_modification_1" time="0.012" /><testcase classname="tests.unit.test_parallel_retry_validation.TestSequentialOnly" name="test_sequential_resource_modification_2" time="0.012" /><testcase classname="tests.unit.test_parallel_retry_validation.TestPerformanceImpact" name="test_cpu_bound_task_1" time="0.001" /><testcase classname="tests.unit.test_parallel_retry_validation.TestPerformanceImpact" name="test_cpu_bound_task_2" time="0.000" /><testcase classname="tests.unit.test_parallel_retry_validation.TestPerformanceImpact" name="test_cpu_bound_task_3" time="0.001" /><testcase classname="tests.unit.test_parallel_retry_validation.TestPerformanceImpact" name="test_cpu_bound_task_4" time="0.001" /><testcase classname="tests.unit.test_parallel_retry_validation.TestConfigurationValidation" name="test_markers_are_recognized" time="0.000" /><testcase classname="tests.unit.test_parallel_retry_validation.TestConfigurationValidation" name="test_test_discovery" time="0.000" /><testcase classname="tests.unit.test_parallel_retry_validation.TestConfigurationValidation" name="test_assertion_rewriting" time="0.000" /><testcase classname="tests.unit.test_performance_config_coverage.TestPerformanceConfigDataclass" name="test_performance_config_defaults" time="0.000" /><testcase classname="tests.unit.test_performance_config_coverage.TestPerformanceConfigDataclass" name="test_performance_config_custom_values" time="0.000" /><testcase classname="tests.unit.test_performance_config_coverage.TestPerformanceConfigConstants" name="test_constants_values" time="0.000" /><testcase classname="tests.unit.test_performance_config_coverage.TestPerformanceConfigConstants" name="test_operation_thresholds" time="0.000" /><testcase classname="tests.unit.test_performance_config_coverage.TestGetPerformanceConfig" name="test_get_performance_config_dev" time="0.001" /><testcase classname="tests.unit.test_performance_config_coverage.TestGetPerformanceConfig" name="test_get_performance_config_staging" time="0.001" /><testcase classname="tests.unit.test_performance_config_coverage.TestGetPerformanceConfig" name="test_get_performance_config_prod" time="0.001" /><testcase classname="tests.unit.test_performance_config_coverage.TestGetPerformanceConfig" name="test_get_performance_config_unknown_env" time="0.001" /><testcase classname="tests.unit.test_performance_config_coverage.TestCacheConfig" name="test_get_cache_config" time="0.001" /><testcase classname="tests.unit.test_performance_config_coverage.TestConnectionPoolConfig" name="test_get_connection_pool_config" time="0.001" /><testcase classname="tests.unit.test_performance_config_coverage.TestAsyncConfig" name="test_get_async_config" time="0.001" /><testcase classname="tests.unit.test_performance_config_coverage.TestMonitoringConfig" name="test_get_monitoring_config" time="0.001" /><testcase classname="tests.unit.test_performance_config_coverage.TestValidatePerformanceRequirements" name="test_validate_performance_requirements_valid" time="0.001" /><testcase classname="tests.unit.test_performance_config_coverage.TestValidatePerformanceRequirements" name="test_validate_performance_requirements_target_too_high" time="0.001" /><testcase classname="tests.unit.test_performance_config_coverage.TestValidatePerformanceRequirements" name="test_validate_performance_requirements_cache_ttl_too_low" time="0.001" /><testcase classname="tests.unit.test_performance_config_coverage.TestValidatePerformanceRequirements" name="test_validate_performance_requirements_connections_too_low" time="0.001" /><testcase classname="tests.unit.test_performance_config_coverage.TestGetOptimizationRecommendations" name="test_get_optimization_recommendations_dev" time="0.001" /><testcase classname="tests.unit.test_performance_config_coverage.TestGetOptimizationRecommendations" name="test_get_optimization_recommendations_prod" time="0.001" /><testcase classname="tests.unit.test_performance_config_coverage.TestGetOptimizationRecommendations" name="test_get_optimization_recommendations_staging" time="0.001" /><testcase classname="tests.unit.test_registry_collision_scenarios.TestRegistryCollisionScenarios" name="test_duplicate_agent_id_collision" time="0.001" /><testcase classname="tests.unit.test_registry_collision_scenarios.TestRegistryCollisionScenarios" name="test_case_sensitive_agent_id_collision" time="0.001" /><testcase classname="tests.unit.test_registry_collision_scenarios.TestRegistryCollisionScenarios" name="test_similar_agent_id_collision_prevention" time="0.001" /><testcase classname="tests.unit.test_registry_collision_scenarios.TestRegistryCollisionScenarios" name="test_capability_collision_handling" time="0.002" /><testcase classname="tests.unit.test_registry_collision_scenarios.TestRegistryCollisionScenarios" name="test_namespace_collision_simulation" time="0.001" /><testcase classname="tests.unit.test_registry_collision_scenarios.TestRegistryCollisionScenarios" name="test_concurrent_registration_collision" time="0.012" /><testcase classname="tests.unit.test_registry_collision_scenarios.TestRegistryCollisionScenarios" name="test_registration_rollback_on_collision" time="0.001" /><testcase classname="tests.unit.test_registry_collision_scenarios.TestRegistryCollisionScenarios" name="test_global_registry_collision_isolation" time="0.001" /><testcase classname="tests.unit.test_registry_collision_scenarios.TestRegistryCollisionScenarios" name="test_agent_id_format_collision_prevention" time="0.001" /><testcase classname="tests.unit.test_registry_collision_scenarios.TestRegistryCollisionScenarios" name="test_capability_conflict_resolution" time="0.001" /><testcase classname="tests.unit.test_registry_collision_scenarios.TestRegistryCollisionScenarios" name="test_registry_state_consistency_after_collisions" time="0.002" /><testcase classname="tests.unit.test_registry_collision_scenarios.TestRegistryCollisionScenarios" name="test_decorator_collision_behavior" time="0.001" /><testcase classname="tests.unit.test_registry_collision_scenarios.TestRegistryCollisionScenarios" name="test_mass_registration_collision_handling" time="0.004" /><testcase classname="tests.unit.test_registry_collision_scenarios.TestRegistryCollisionScenarios" name="test_unregister_after_collision" time="0.001" /></testsuite></testsuites>